0 verbose cli /opt/homebrew/Cellar/node/21.5.0/bin/node /opt/homebrew/bin/npm
1 info using npm@10.2.4
2 info using node@v21.5.0
3 timing npm:load:whichnode Completed in 1ms
4 timing config:load:defaults Completed in 1ms
5 timing config:load:file:/opt/homebrew/lib/node_modules/npm/npmrc Completed in 3ms
6 timing config:load:builtin Completed in 3ms
7 timing config:load:cli Completed in 1ms
8 timing config:load:env Completed in 1ms
9 timing config:load:file:/Users/rubel/Documents/WEB-DEVELOPMENT-ALL-MILESTON/MILESTONE-10/Assignment-10/chef-recipe-hunter-server/.npmrc Completed in 0ms
10 timing config:load:project Completed in 1ms
11 timing config:load:file:/Users/rubel/.npmrc Completed in 0ms
12 timing config:load:user Completed in 0ms
13 timing config:load:file:/Users/rubel/Documents/WEB-DEVELOPMENT-ALL-MILESTON/MILESTONE-10/Assignment-10/chef-recipe-hunter-server/C:UsersmynameAppDataRoamingnpm/etc/npmrc Completed in 0ms
14 timing config:load:global Completed in 0ms
15 timing config:load:setEnvs Completed in 0ms
16 timing config:load Completed in 8ms
17 timing npm:load:configload Completed in 8ms
18 timing config:load:flatten Completed in 1ms
19 timing npm:load:mkdirpcache Completed in 1ms
20 timing npm:load:mkdirplogs Completed in 0ms
21 verbose title npm run dev
22 verbose argv "run" "dev"
23 timing npm:load:setTitle Completed in 2ms
24 timing npm:load:display Completed in 0ms
25 verbose logfile logs-max:10 dir:/Users/rubel/Documents/WEB-DEVELOPMENT-ALL-MILESTON/MILESTONE-10/Assignment-10/chef-recipe-hunter-server/C:UsersmynameAppDataRoamingnpm-cache/_logs/2024-01-03T10_10_20_000Z-
26 verbose logfile /Users/rubel/Documents/WEB-DEVELOPMENT-ALL-MILESTON/MILESTONE-10/Assignment-10/chef-recipe-hunter-server/C:UsersmynameAppDataRoamingnpm-cache/_logs/2024-01-03T10_10_20_000Z-debug-0.log
27 timing npm:load:logFile Completed in 4ms
28 timing npm:load:timers Completed in 0ms
29 timing npm:load:configScope Completed in 0ms
30 timing npm:load Completed in 27ms
31 silly logfile done cleaning log files
32 timing command:run Completed in 709141ms
33 verbose exit 130
34 timing npm Completed in 709199ms
35 verbose code 130
